2023-10-05 02:35:49,892: Options: {'multinode': False, 'image_model_name': 'microsoft/swinv2-large-patch4-window12to16-192to256-22kto1k-ft', 'image_model_train': False, 'language_model_name': 'google/flan-t5-small', 'language_model_train': False, 'ffn': True, 'transformer_model_name': 'google/flan-t5-base', 'transformer_d_model': 768, 'transformer_d_ff': 3072, 'transformer_d_kv': 64, 'transformer_num_heads': 12, 'transformer_num_layers': 2, 'transformer_num_decoder_layers': 12, 'image_vocab_size': 16384, 'loc_vocab_size': 1000, 'vae_ckpt_path': 'checkpoints/vqgan.pt', 'max_source_length': 256, 'max_target_length': 256, 'phase': 'train', 'seed': 999, 'loss': 'CrossEntropy', 'lr': 0.0001, 'optimizer': 'AdamW', 'lr_scheduler': 'CosineAnnealingLR', 'batch_size': 360, 'accumulation_steps': 1, 'start_epoch': 1, 'num_epochs': 100, 'num_steps': None, 'warmup_steps': None, 'warmup_epochs': 5, 'save_interval': 10, 'datasets': ['cc3m'], 'root_dir': '/user/data/', 'result_dir': 'results/a100/lr1e-4-cos/cc3m/enc2_dec12/', 'world_size': 4}
2023-10-05 03:42:34,162: [Epoch (1/100)] Train loss : 10.655767440795898, Val loss : 6.284893989562988, Train cider : 0.035975631326436996, Val cider : 0.0008439063094556332, Train bleu : 2.4574514867481412e-08, Val bleu : 6.087525071439535e-31, Train Count : 1358920, Val Count : 6440,Steps : 944
2023-10-05 03:42:41,917: Best Model saved
2023-10-05 04:48:31,816: [Epoch (2/100)] Train loss : 6.544862270355225, Val loss : 6.079790115356445, Train cider : 0.051761530339717865, Val cider : 3.47864261129871e-05, Train bleu : 6.342963535053286e-14, Val bleu : 0.0, Train Count : 1358920, Val Count : 6440,Steps : 1888
2023-10-05 04:48:42,070: Best Model saved
2023-10-05 05:54:26,655: [Epoch (3/100)] Train loss : 6.319146156311035, Val loss : 6.043128967285156, Train cider : 0.04983624443411827, Val cider : 6.439434218918905e-05, Train bleu : 5.519554865246468e-12, Val bleu : 0.0, Train Count : 1358920, Val Count : 6440,Steps : 2832
2023-10-05 05:54:35,303: Best Model saved
2023-10-05 07:00:20,353: [Epoch (4/100)] Train loss : 6.213317394256592, Val loss : 6.0096259117126465, Train cider : 0.05052021145820618, Val cider : 0.0002036488731391728, Train bleu : 1.1869476755632657e-12, Val bleu : 2.7210752819147176e-33, Train Count : 1358920, Val Count : 6440,Steps : 3776
2023-10-05 07:00:29,194: Best Model saved
2023-10-05 08:06:16,257: [Epoch (5/100)] Train loss : 6.115637302398682, Val loss : 5.948119163513184, Train cider : 0.06895684450864792, Val cider : 0.006319780368357897, Train bleu : 9.393139777102988e-08, Val bleu : 3.590746305165166e-15, Train Count : 1358920, Val Count : 6440,Steps : 4720
2023-10-05 08:06:24,364: Best Model saved
2023-10-05 09:12:11,179: [Epoch (6/100)] Train loss : 5.975130558013916, Val loss : 5.718817710876465, Train cider : 0.10789552330970764, Val cider : 0.06660807132720947, Train bleu : 3.482519241515547e-05, Val bleu : 7.468632483298432e-12, Train Count : 1358920, Val Count : 6440,Steps : 5664
2023-10-05 09:12:19,846: Best Model saved
2023-10-05 10:18:11,870: [Epoch (7/100)] Train loss : 5.579275608062744, Val loss : 5.342406272888184, Train cider : 0.18853837251663208, Val cider : 0.23689541220664978, Train bleu : 0.0015381858684122562, Val bleu : 9.462199841436814e-07, Train Count : 1358920, Val Count : 6440,Steps : 6608
2023-10-05 10:18:19,255: Best Model saved
2023-10-05 11:24:17,373: [Epoch (8/100)] Train loss : 5.225925922393799, Val loss : 5.083835124969482, Train cider : 0.29983779788017273, Val cider : 0.4396149516105652, Train bleu : 0.014303289353847504, Val bleu : 0.019878916442394257, Train Count : 1358920, Val Count : 6440,Steps : 7552
2023-10-05 11:24:25,874: Best Model saved
2023-10-05 12:30:28,668: [Epoch (9/100)] Train loss : 4.968018054962158, Val loss : 4.846004486083984, Train cider : 0.4611324369907379, Val cider : 0.574822187423706, Train bleu : 0.03557329624891281, Val bleu : 0.036221981048583984, Train Count : 1358920, Val Count : 6440,Steps : 8496
2023-10-05 12:30:35,951: Best Model saved
2023-10-05 13:36:39,537: [Epoch (10/100)] Train loss : 4.757903575897217, Val loss : 4.656163215637207, Train cider : 0.607448399066925, Val cider : 0.6715014576911926, Train bleu : 0.05856060981750488, Val bleu : 0.0515957847237587, Train Count : 1358920, Val Count : 6440,Steps : 9440
2023-10-05 13:36:47,196: Best Model saved
2023-10-05 14:43:19,515: [Epoch (11/100)] Train loss : 4.575199604034424, Val loss : 4.488935947418213, Train cider : 0.7318848371505737, Val cider : 0.7754864692687988, Train bleu : 0.07942395657300949, Val bleu : 0.06277266889810562, Train Count : 1358920, Val Count : 6440,Steps : 10384
2023-10-05 14:43:26,563: Best Model saved
2023-10-05 15:49:35,321: [Epoch (12/100)] Train loss : 4.409792900085449, Val loss : 4.343559741973877, Train cider : 0.8643337488174438, Val cider : 0.9522337913513184, Train bleu : 0.09730083495378494, Val bleu : 0.07351572811603546, Train Count : 1358920, Val Count : 6440,Steps : 11328
2023-10-05 15:49:42,800: Best Model saved
2023-10-05 16:55:52,133: [Epoch (13/100)] Train loss : 4.261046886444092, Val loss : 4.210328102111816, Train cider : 0.9970354437828064, Val cider : 1.1405339241027832, Train bleu : 0.11384286731481552, Val bleu : 0.09149008989334106, Train Count : 1358920, Val Count : 6440,Steps : 12272
2023-10-05 16:56:00,174: Best Model saved
2023-10-05 18:02:12,454: [Epoch (14/100)] Train loss : 4.120009422302246, Val loss : 4.076744556427002, Train cider : 1.1316924095153809, Val cider : 1.3351130485534668, Train bleu : 0.13122782111167908, Val bleu : 0.10864775627851486, Train Count : 1358920, Val Count : 6440,Steps : 13216
2023-10-05 18:02:19,913: Best Model saved
2023-10-05 19:08:32,561: [Epoch (15/100)] Train loss : 3.979071617126465, Val loss : 3.9447503089904785, Train cider : 1.294234275817871, Val cider : 1.4771742820739746, Train bleu : 0.15001234412193298, Val bleu : 0.11698313057422638, Train Count : 1358920, Val Count : 6440,Steps : 14160
2023-10-05 19:08:40,474: Best Model saved
2023-10-05 20:14:51,973: [Epoch (16/100)] Train loss : 3.842562198638916, Val loss : 3.8200795650482178, Train cider : 1.4599965810775757, Val cider : 1.6736141443252563, Train bleu : 0.16787433624267578, Val bleu : 0.12807564437389374, Train Count : 1358920, Val Count : 6440,Steps : 15104
2023-10-05 20:14:59,894: Best Model saved
2023-10-05 21:21:15,724: [Epoch (17/100)] Train loss : 3.7178666591644287, Val loss : 3.710556983947754, Train cider : 1.6273866891860962, Val cider : 1.8382903337478638, Train bleu : 0.184575617313385, Val bleu : 0.13614800572395325, Train Count : 1358920, Val Count : 6440,Steps : 16048
2023-10-05 21:21:27,476: Best Model saved
2023-10-05 22:27:41,549: [Epoch (18/100)] Train loss : 3.6060962677001953, Val loss : 3.615204334259033, Train cider : 1.787928581237793, Val cider : 2.062142848968506, Train bleu : 0.20074331760406494, Val bleu : 0.15107856690883636, Train Count : 1358920, Val Count : 6440,Steps : 16992
2023-10-05 22:27:49,424: Best Model saved
2023-10-05 23:34:05,995: [Epoch (19/100)] Train loss : 3.5041232109069824, Val loss : 3.5264832973480225, Train cider : 1.9521501064300537, Val cider : 2.170632839202881, Train bleu : 0.21716631948947906, Val bleu : 0.1593974232673645, Train Count : 1358920, Val Count : 6440,Steps : 17936
2023-10-05 23:34:13,680: Best Model saved
2023-10-06 00:40:30,434: [Epoch (20/100)] Train loss : 3.4101645946502686, Val loss : 3.4463412761688232, Train cider : 2.115943193435669, Val cider : 2.323019027709961, Train bleu : 0.23354759812355042, Val bleu : 0.1719297617673874, Train Count : 1358920, Val Count : 6440,Steps : 18880
2023-10-06 00:40:37,910: Best Model saved
2023-10-06 01:47:16,727: [Epoch (21/100)] Train loss : 3.323498010635376, Val loss : 3.3753998279571533, Train cider : 2.2748398780822754, Val cider : 2.4783272743225098, Train bleu : 0.25012195110321045, Val bleu : 0.18172971904277802, Train Count : 1358920, Val Count : 6440,Steps : 19824
2023-10-06 01:47:24,895: Best Model saved
2023-10-06 02:53:43,632: [Epoch (22/100)] Train loss : 3.2430202960968018, Val loss : 3.3113574981689453, Train cider : 2.432908296585083, Val cider : 2.5758275985717773, Train bleu : 0.267039030790329, Val bleu : 0.19272808730602264, Train Count : 1358920, Val Count : 6440,Steps : 20768
2023-10-06 02:53:51,310: Best Model saved
2023-10-06 04:00:08,566: [Epoch (23/100)] Train loss : 3.168802499771118, Val loss : 3.2568981647491455, Train cider : 2.5962255001068115, Val cider : 2.766448974609375, Train bleu : 0.28406578302383423, Val bleu : 0.20523178577423096, Train Count : 1358920, Val Count : 6440,Steps : 21712
2023-10-06 04:00:16,509: Best Model saved
2023-10-06 05:06:32,241: [Epoch (24/100)] Train loss : 3.1002347469329834, Val loss : 3.209333658218384, Train cider : 2.7521018981933594, Val cider : 2.8735814094543457, Train bleu : 0.30026084184646606, Val bleu : 0.21719875931739807, Train Count : 1358920, Val Count : 6440,Steps : 22656
2023-10-06 05:06:39,890: Best Model saved
2023-10-06 06:12:56,555: [Epoch (25/100)] Train loss : 3.0370941162109375, Val loss : 3.165839910507202, Train cider : 2.893195152282715, Val cider : 2.956044912338257, Train bleu : 0.31535741686820984, Val bleu : 0.22490495443344116, Train Count : 1358920, Val Count : 6440,Steps : 23600
2023-10-06 06:13:04,448: Best Model saved
2023-10-06 07:19:21,409: [Epoch (26/100)] Train loss : 2.9798471927642822, Val loss : 3.1279144287109375, Train cider : 3.029653787612915, Val cider : 3.013181686401367, Train bleu : 0.3296150267124176, Val bleu : 0.23253139853477478, Train Count : 1358920, Val Count : 6440,Steps : 24544
2023-10-06 07:19:28,993: Best Model saved
2023-10-06 08:25:48,106: [Epoch (27/100)] Train loss : 2.926656723022461, Val loss : 3.0962352752685547, Train cider : 3.1530351638793945, Val cider : 3.0968708992004395, Train bleu : 0.3427892029285431, Val bleu : 0.23841440677642822, Train Count : 1358920, Val Count : 6440,Steps : 25488
2023-10-06 08:25:55,736: Best Model saved
2023-10-06 09:32:13,238: [Epoch (28/100)] Train loss : 2.8781936168670654, Val loss : 3.069401502609253, Train cider : 3.274719476699829, Val cider : 3.1735801696777344, Train bleu : 0.356204092502594, Val bleu : 0.24818921089172363, Train Count : 1358920, Val Count : 6440,Steps : 26432
2023-10-06 09:32:20,686: Best Model saved
2023-10-06 10:38:38,992: [Epoch (29/100)] Train loss : 2.8339121341705322, Val loss : 3.0448174476623535, Train cider : 3.384302854537964, Val cider : 3.2375543117523193, Train bleu : 0.3681269884109497, Val bleu : 0.25337737798690796, Train Count : 1358920, Val Count : 6440,Steps : 27376
2023-10-06 10:38:46,552: Best Model saved
2023-10-06 11:45:08,201: [Epoch (30/100)] Train loss : 2.7928853034973145, Val loss : 3.0254671573638916, Train cider : 3.492672920227051, Val cider : 3.258408546447754, Train bleu : 0.37932389974594116, Val bleu : 0.2550215423107147, Train Count : 1358920, Val Count : 6440,Steps : 28320
2023-10-06 11:45:16,292: Best Model saved
2023-10-06 12:52:02,494: [Epoch (31/100)] Train loss : 2.754422903060913, Val loss : 3.0056533813476562, Train cider : 3.5876028537750244, Val cider : 3.329768180847168, Train bleu : 0.39036285877227783, Val bleu : 0.26457154750823975, Train Count : 1358920, Val Count : 6440,Steps : 29264
2023-10-06 12:52:10,172: Best Model saved
2023-10-06 13:58:33,888: [Epoch (32/100)] Train loss : 2.719142198562622, Val loss : 2.990281105041504, Train cider : 3.692931652069092, Val cider : 3.336571455001831, Train bleu : 0.4015142619609833, Val bleu : 0.2648043632507324, Train Count : 1358920, Val Count : 6440,Steps : 30208
2023-10-06 13:58:43,547: Best Model saved
2023-10-06 15:05:01,595: [Epoch (33/100)] Train loss : 2.685803174972534, Val loss : 2.975893259048462, Train cider : 3.7821664810180664, Val cider : 3.359762191772461, Train bleu : 0.4109158217906952, Val bleu : 0.2698635160923004, Train Count : 1358920, Val Count : 6440,Steps : 31152
2023-10-06 15:05:10,980: Best Model saved
2023-10-06 16:11:31,942: [Epoch (34/100)] Train loss : 2.6547892093658447, Val loss : 2.965212821960449, Train cider : 3.8683724403381348, Val cider : 3.344649314880371, Train bleu : 0.42034488916397095, Val bleu : 0.26807570457458496, Train Count : 1358920, Val Count : 6440,Steps : 32096
2023-10-06 16:11:39,970: Best Model saved
2023-10-06 17:18:00,016: [Epoch (35/100)] Train loss : 2.6257550716400146, Val loss : 2.9524927139282227, Train cider : 3.949496030807495, Val cider : 3.3914873600006104, Train bleu : 0.42960870265960693, Val bleu : 0.274691641330719, Train Count : 1358920, Val Count : 6440,Steps : 33040
2023-10-06 17:18:08,727: Best Model saved
2023-10-06 18:24:27,003: [Epoch (36/100)] Train loss : 2.598369836807251, Val loss : 2.944936752319336, Train cider : 4.035163879394531, Val cider : 3.400394916534424, Train bleu : 0.4384663701057434, Val bleu : 0.27584320306777954, Train Count : 1358920, Val Count : 6440,Steps : 33984
2023-10-06 18:24:38,654: Best Model saved
2023-10-06 19:31:00,337: [Epoch (37/100)] Train loss : 2.5727691650390625, Val loss : 2.936060905456543, Train cider : 4.117659091949463, Val cider : 3.454716444015503, Train bleu : 0.4467266798019409, Val bleu : 0.27893099188804626, Train Count : 1358920, Val Count : 6440,Steps : 34928
2023-10-06 19:31:07,594: Best Model saved
2023-10-06 20:37:28,726: [Epoch (38/100)] Train loss : 2.5482094287872314, Val loss : 2.9289352893829346, Train cider : 4.195244312286377, Val cider : 3.4632163047790527, Train bleu : 0.45500460267066956, Val bleu : 0.28034263849258423, Train Count : 1358920, Val Count : 6440,Steps : 35872
2023-10-06 20:37:36,797: Best Model saved
2023-10-06 21:43:56,574: [Epoch (39/100)] Train loss : 2.525252103805542, Val loss : 2.9241445064544678, Train cider : 4.280508041381836, Val cider : 3.4418182373046875, Train bleu : 0.4637220501899719, Val bleu : 0.27849531173706055, Train Count : 1358920, Val Count : 6440,Steps : 36816
2023-10-06 21:44:05,350: Best Model saved
2023-10-06 22:50:25,941: [Epoch (40/100)] Train loss : 2.5035252571105957, Val loss : 2.925089120864868, Train cider : 4.34678840637207, Val cider : 3.4687466621398926, Train bleu : 0.4708155393600464, Val bleu : 0.2818724513053894, Train Count : 1358920, Val Count : 6440,Steps : 37760
2023-10-06 23:57:12,917: [Epoch (41/100)] Train loss : 2.4825425148010254, Val loss : 2.9230711460113525, Train cider : 4.4298577308654785, Val cider : 3.5023655891418457, Train bleu : 0.47915568947792053, Val bleu : 0.28931498527526855, Train Count : 1358920, Val Count : 6440,Steps : 38704
2023-10-06 23:57:21,577: Best Model saved
2023-10-07 01:03:42,499: [Epoch (42/100)] Train loss : 2.4627845287323, Val loss : 2.9220759868621826, Train cider : 4.498191833496094, Val cider : 3.517892837524414, Train bleu : 0.48605769872665405, Val bleu : 0.28943759202957153, Train Count : 1358920, Val Count : 6440,Steps : 39648
2023-10-07 01:03:52,015: Best Model saved
2023-10-07 02:10:11,975: [Epoch (43/100)] Train loss : 2.4439194202423096, Val loss : 2.9185638427734375, Train cider : 4.568400859832764, Val cider : 3.5318901538848877, Train bleu : 0.493136465549469, Val bleu : 0.2916303277015686, Train Count : 1358920, Val Count : 6440,Steps : 40592
2023-10-07 02:10:24,059: Best Model saved
2023-10-07 03:16:42,356: [Epoch (44/100)] Train loss : 2.4259471893310547, Val loss : 2.9199376106262207, Train cider : 4.628769397735596, Val cider : 3.5329432487487793, Train bleu : 0.4998873472213745, Val bleu : 0.29159754514694214, Train Count : 1358920, Val Count : 6440,Steps : 41536
2023-10-07 04:23:06,942: [Epoch (45/100)] Train loss : 2.408602476119995, Val loss : 2.9165897369384766, Train cider : 4.690942764282227, Val cider : 3.517129421234131, Train bleu : 0.506931722164154, Val bleu : 0.2916693091392517, Train Count : 1358920, Val Count : 6440,Steps : 42480
2023-10-07 04:23:17,852: Best Model saved
2023-10-07 05:29:35,099: [Epoch (46/100)] Train loss : 2.3920645713806152, Val loss : 2.9131314754486084, Train cider : 4.757159233093262, Val cider : 3.5383994579315186, Train bleu : 0.5134502649307251, Val bleu : 0.29450398683547974, Train Count : 1358920, Val Count : 6440,Steps : 43424
2023-10-07 05:29:44,526: Best Model saved
2023-10-07 06:36:03,977: [Epoch (47/100)] Train loss : 2.3764395713806152, Val loss : 2.9158992767333984, Train cider : 4.811676025390625, Val cider : 3.5595240592956543, Train bleu : 0.519249439239502, Val bleu : 0.29458457231521606, Train Count : 1358920, Val Count : 6440,Steps : 44368
2023-10-07 07:42:23,066: [Epoch (48/100)] Train loss : 2.360909938812256, Val loss : 2.9166762828826904, Train cider : 4.874228477478027, Val cider : 3.557129383087158, Train bleu : 0.5252828598022461, Val bleu : 0.2973822057247162, Train Count : 1358920, Val Count : 6440,Steps : 45312
2023-10-07 08:48:45,184: [Epoch (49/100)] Train loss : 2.3466622829437256, Val loss : 2.9200263023376465, Train cider : 4.934727668762207, Val cider : 3.5843615531921387, Train bleu : 0.5318456888198853, Val bleu : 0.2974492907524109, Train Count : 1358920, Val Count : 6440,Steps : 46256
2023-10-07 09:55:03,502: [Epoch (50/100)] Train loss : 2.332681655883789, Val loss : 2.918980836868286, Train cider : 4.993072032928467, Val cider : 3.5757369995117188, Train bleu : 0.5380110740661621, Val bleu : 0.29590243101119995, Train Count : 1358920, Val Count : 6440,Steps : 47200
2023-10-07 11:01:52,036: [Epoch (51/100)] Train loss : 2.3194684982299805, Val loss : 2.9240710735321045, Train cider : 5.035683631896973, Val cider : 3.553992748260498, Train bleu : 0.542266845703125, Val bleu : 0.29551589488983154, Train Count : 1358920, Val Count : 6440,Steps : 48144
2023-10-07 12:08:15,064: [Epoch (52/100)] Train loss : 2.306507110595703, Val loss : 2.9236690998077393, Train cider : 5.096322536468506, Val cider : 3.5579283237457275, Train bleu : 0.5485928058624268, Val bleu : 0.29600435495376587, Train Count : 1358920, Val Count : 6440,Steps : 49088
2023-10-07 13:14:36,781: [Epoch (53/100)] Train loss : 2.294246196746826, Val loss : 2.9260153770446777, Train cider : 5.143373012542725, Val cider : 3.562094211578369, Train bleu : 0.554144561290741, Val bleu : 0.29779013991355896, Train Count : 1358920, Val Count : 6440,Steps : 50032
2023-10-07 14:20:56,098: [Epoch (54/100)] Train loss : 2.282517433166504, Val loss : 2.9269142150878906, Train cider : 5.197871208190918, Val cider : 3.534398317337036, Train bleu : 0.5590002536773682, Val bleu : 0.2964330315589905, Train Count : 1358920, Val Count : 6440,Steps : 50976
2023-10-07 15:27:22,119: [Epoch (55/100)] Train loss : 2.271087646484375, Val loss : 2.921410083770752, Train cider : 5.2509660720825195, Val cider : 3.5585861206054688, Train bleu : 0.5642938613891602, Val bleu : 0.29645365476608276, Train Count : 1358920, Val Count : 6440,Steps : 51920
2023-10-07 16:33:41,698: [Epoch (56/100)] Train loss : 2.2598698139190674, Val loss : 2.9224202632904053, Train cider : 5.292675971984863, Val cider : 3.5427560806274414, Train bleu : 0.5691560506820679, Val bleu : 0.2980201542377472, Train Count : 1358920, Val Count : 6440,Steps : 52864
2023-10-07 17:40:05,585: [Epoch (57/100)] Train loss : 2.249624729156494, Val loss : 2.923842430114746, Train cider : 5.337636947631836, Val cider : 3.518930196762085, Train bleu : 0.5736441612243652, Val bleu : 0.294284850358963, Train Count : 1358920, Val Count : 6440,Steps : 53808
2023-10-07 18:46:26,115: [Epoch (58/100)] Train loss : 2.2395846843719482, Val loss : 2.919422149658203, Train cider : 5.384265899658203, Val cider : 3.580103635787964, Train bleu : 0.5785446763038635, Val bleu : 0.2970709800720215, Train Count : 1358920, Val Count : 6440,Steps : 54752
2023-10-07 19:52:47,585: [Epoch (59/100)] Train loss : 2.2298710346221924, Val loss : 2.920074224472046, Train cider : 5.423822402954102, Val cider : 3.589606285095215, Train bleu : 0.5828820466995239, Val bleu : 0.3001129925251007, Train Count : 1358920, Val Count : 6440,Steps : 55696
2023-10-07 20:59:10,826: [Epoch (60/100)] Train loss : 2.2208592891693115, Val loss : 2.9264204502105713, Train cider : 5.457365989685059, Val cider : 3.5036063194274902, Train bleu : 0.5863804221153259, Val bleu : 0.29618558287620544, Train Count : 1358920, Val Count : 6440,Steps : 56640
2023-10-07 22:05:51,499: [Epoch (61/100)] Train loss : 2.211998462677002, Val loss : 2.931210517883301, Train cider : 5.505914688110352, Val cider : 3.5742416381835938, Train bleu : 0.5910260677337646, Val bleu : 0.3007243871688843, Train Count : 1358920, Val Count : 6440,Steps : 57584
2023-10-07 23:12:12,516: [Epoch (62/100)] Train loss : 2.203497886657715, Val loss : 2.9362571239471436, Train cider : 5.5399861335754395, Val cider : 3.5853748321533203, Train bleu : 0.5947625637054443, Val bleu : 0.3013903498649597, Train Count : 1358920, Val Count : 6440,Steps : 58528
